Line 21: Class Threed.SSPanel of control panTitle was not a loaded control class.
Line 49: Class Threed.SSPanel of control SSPanel1 was not a loaded control class.
Line 27: The property name _Version in panTitle is invalid.
Line 28: The property name _ExtentX in panTitle is invalid.
Line 29: The property name _ExtentY in panTitle is invalid.
Line 30: The property name _StockProps in panTitle is invalid.
Line 31: The property name Caption in panTitle is invalid.
Line 43: The property name BevelOuter in panTitle is invalid.
Line 44: The property name FloodColor in panTitle is invalid.
Line 45: The property name FloodShowPct in panTitle is invalid.
Line 46: The property name Font3D in panTitle is invalid.
Line 55: The property name _Version in SSPanel1 is invalid.
Line 56: The property name _ExtentX in SSPanel1 is invalid.
Line 57: The property name _ExtentY in SSPanel1 is invalid.
Line 58: The property name _StockProps in SSPanel1 is invalid.
Line 69: The property name BevelOuter in SSPanel1 is invalid.
Line 27: The property name _Version in panTitle is invalid.
Line 28: The property name _ExtentX in panTitle is invalid.
Line 29: The property name _ExtentY in panTitle is invalid.
Line 30: The property name _StockProps in panTitle is invalid.
Line 31: The property name Caption in panTitle is invalid.
Line 43: The property name BevelOuter in panTitle is invalid.
Line 44: The property name FloodColor in panTitle is invalid.
Line 45: The property name FloodShowPct in panTitle is invalid.
Line 46: The property name Font3D in panTitle is invalid.
Line 55: The property name _Version in SSPanel1 is invalid.
Line 56: The property name _ExtentX in SSPanel1 is invalid.
Line 57: The property name _ExtentY in SSPanel1 is invalid.
Line 58: The property name _StockProps in SSPanel1 is invalid.
Line 69: The property name BevelOuter in SSPanel1 is invalid.
