.\AAV_.ide
.\LOI.ide
.\LOT.ide
.\SAFESUM.ide
.\C1S01.ide
.\C1S02.ide
.\C1S03.ide
.\C1S04.ide
.\C2S01.ide
.\C2S02.ide
.\C2S03.ide
.\C3S01.ide
.\C3S02.ide
.\C3S03.ide
.\C3S04.ide
.\C3S05.ide
.\C3S06.ide
.\C3S07.ide
.\C3S08.ide
.\C3S09.ide
.\C3S10.ide
.\C3S11.ide
.\C3S12.ide
.\C3S13.ide
.\C3S14.ide
.\C3S15.ide
.\C3S16.ide
.\C4S01.ide
.\C4S02.ide
.\C4S03.ide
.\C4S04.ide
.\C4S05.ide
.\C4S06.ide
.\C4S07.ide
.\C4S08.ide
.\C4S09.ide
.\C4S10.ide
.\C4S11.ide
.\C4S12.ide
.\C4S13.ide
.\C4S14.ide
.\C4S15.ide
.\C4S16.ide
.\C5S01.ide
.\DDM_LRU.ide
.\DDM_A1.ide
.\DDM_A2.ide
.\DDM_A3.ide
.\CON_LRU.ide
.\CON_A4.ide
.\CON_A3.ide
.\CON_A6.ide
.\CON_A7.ide
.\CON_A1.ide
.\ICS_LRU.ide
.\ICS_A1.ide
.\ICS_A4.ide
.\ICS_A5.ide
.\ITA.ide
.\C6S01.ide
.\APPENA.ide
.\APPENB.ide
